Flutter crash report.
Please report a bug at https://github.com/flutter/flutter/issues.

## command

flutter debug_adapter

## exception

RPCError: resume: (-32603) Unexpected DWDS error for resume: Bad state: No running isolate (inspector is not set).

```
#0      new _OutstandingRequest (package:vm_service/src/vm_service.dart:1930:45)
#1      VmService._call (package:vm_service/src/vm_service.dart:2499:21)
#2      VmService.resume (package:vm_service/src/vm_service.dart:2374:7)
#3      IsolateManager.resumeThread (package:dds/src/dap/isolate_manager.dart:317:33)
#4      IsolateManager._handlePause (package:dds/src/dap/isolate_manager.dart:557:17)
#5      IsolateManager.handleEvent (package:dds/src/dap/isolate_manager.dart:203:13)
<asynchronous suspension>
#6      DartDebugAdapter._configureExistingIsolates.<anonymous closure> (package:dds/src/dap/adapters/dart.dart:798:9)
<asynchronous suspension>
#7      Future.wait.<anonymous closure> (dart:async/future.dart:523:21)
<asynchronous suspension>
#8      DartDebugAdapter._configureExistingIsolates (package:dds/src/dap/adapters/dart.dart:783:5)
<asynchronous suspension>
#9      DartDebugAdapter._withErrorHandling (package:dds/src/dap/adapters/dart.dart:2596:14)
<asynchronous suspension>
#10     DartDebugAdapter.connectDebugger (package:dds/src/dap/adapters/dart.dart:716:5)
<asynchronous suspension>
#11     FlutterDebugAdapter._connectDebugger (package:flutter_tools/src/debug_adapters/flutter_adapter.dart:381:9)
<asynchronous suspension>
#12     FlutterDebugAdapter._handleDebugPort (package:flutter_tools/src/debug_adapters/flutter_adapter.dart:462:7)
<asynchronous suspension>
```

## flutter doctor

```
[!] Flutter (Channel stable, 3.16.9, on Microsoft Windows [Version 10.0.22621.3007], locale en-US)
    • Flutter version 3.16.9 on channel stable at C:\Users\USER\Apps\flutter frontend\flutter
    ! Warning: `flutter` on your path resolves to C:\Users\USER\Apps\flutter frontend\flutter_windows_3.16.9-stable\flutter\bin\flutter, which is not inside your current Flutter SDK checkout at C:\Users\USER\Apps\flutter frontend\flutter. Consider adding C:\Users\USER\Apps\flutter frontend\flutter\bin to the front of your path.
    ! Warning: `dart` on your path resolves to C:\Users\USER\Apps\flutter frontend\flutter_windows_3.16.9-stable\flutter\bin\dart, which is not inside your current Flutter SDK checkout at C:\Users\USER\Apps\flutter frontend\flutter. Consider adding C:\Users\USER\Apps\flutter frontend\flutter\bin to the front of your path.
    • Upstream repository https://github.com/flutter/flutter.git
    • Framework revision 41456452f2 (3 weeks ago), 2024-01-25 10:06:23 -0800
    • Engine revision f40e976bed
    • Dart version 3.2.6
    • DevTools version 2.28.5
    • If those were intentional, you can disregard the above warnings; however it is recommended to use "git" directly to perform update checks and upgrades.

[✓] Windows Version (Installed version of Windows is version 10 or higher)

[✓] Android toolchain - develop for Android devices (Android SDK version 34.0.0)
    • Android SDK at C:\Users\USER\AppData\Local\Android\sdk
    • Platform android-34, build-tools 34.0.0
    • Java binary at: C:\Program Files\Android\Android Studio\jbr\bin\java
    • Java version OpenJDK Runtime Environment (build 17.0.7+0-b2043.56-10550314)
    • All Android licenses accepted.

[✓] Chrome - develop for the web
    • Chrome at C:\Users\USER\AppData\Local\Google\Chrome\Application\chrome.exe

[✗] Visual Studio - develop Windows apps
    ✗ Visual Studio not installed; this is necessary to develop Windows apps.
      Download at https://visualstudio.microsoft.com/downloads/.
      Please install the "Desktop development with C++" workload, including all of its default components

[✓] Android Studio (version 2023.1)
    • Android Studio at C:\Program Files\Android\Android Studio
    • Flutter plugin can be installed from:
      🔨 https://plugins.jetbrains.com/plugin/9212-flutter
    • Dart plugin can be installed from:
      🔨 https://plugins.jetbrains.com/plugin/6351-dart
    • Java version OpenJDK Runtime Environment (build 17.0.7+0-b2043.56-10550314)

[✓] VS Code (version 1.86.1)
    • VS Code at C:\Users\USER\AppData\Local\Programs\Microsoft VS Code
    • Flutter extension version 3.82.0

[✓] Connected device (3 available)
    • Windows (desktop) • windows • windows-x64    • Microsoft Windows [Version 10.0.22621.3007]
    • Chrome (web)      • chrome  • web-javascript • Google Chrome 121.0.6167.161
    • Edge (web)        • edge    • web-javascript • Microsoft Edge 121.0.2277.112

[✓] Network resources
    • All expected network resources are available.

! Doctor found issues in 2 categories.
```
